<?xml version="1.0" encoding="UTF-8"?>
<!-- Generated by org.testng.reporters.JUnitXMLReporter -->
<testsuite ignored="0" hostname="DESKTOP-ANQ89CN" failures="0" tests="4" name="Default test" time="6.654" errors="0" timestamp="2022-06-27T10:22:18 CEST">
  <testcase classname="RECHERCHER.RechercherNonPassant" name="HomePage" time="0.712"/>
  <testcase classname="RECHERCHER.RechercherNonPassant" name="SearchNoPassed" time="0.594"/>
  <testcase classname="RECHERCHER.RechercherPassant" name="HomePage" time="1.754"/>
  <testcase classname="RECHERCHER.RechercherPassant" name="SearchPassed" time="0.702"/>
</testsuite> <!-- Default test -->
