<?xml version="1.0" encoding="UTF-8"?>
<!-- Generated by org.testng.reporters.JUnitXMLReporter -->
<testsuite ignored="0" hostname="DESKTOP-ANQ89CN" failures="0" tests="6" name="Test" time="5.759" errors="0" timestamp="2022-06-22T16:55:55 CEST">
  <testcase classname="LOCALISER.LocaliserPassant" name="f" time="0.011"/>
  <testcase classname="LOGIN.LoginPassant" name="f" time="0.001"/>
  <testcase classname="LOCALISER.LocaliserNonPassant" name="f" time="0.003"/>
  <testcase classname="RECHERCHER.RechercherNonPassant" name="f" time="1.373"/>
  <testcase classname="LOGIN.LoginNonPassant" name="f" time="0.002"/>
  <testcase classname="RECHERCHER.RechercherPassant" name="f" time="1.786"/>
</testsuite> <!-- Test -->
